[debug] [2020-10-17T17:44:18.976Z] ----------------------------------------------------------------------
[debug] [2020-10-17T17:44:18.978Z] Command:       /Users/nate/n/bin/node /Users/nate/n/bin/firebase init
[debug] [2020-10-17T17:44:18.978Z] CLI Version:   8.10.0
[debug] [2020-10-17T17:44:18.978Z] Platform:      darwin
[debug] [2020-10-17T17:44:18.978Z] Node Version:  v10.21.0
[debug] [2020-10-17T17:44:18.979Z] Time:          Sat Oct 17 2020 20:44:18 GMT+0300 (Israel Daylight Time)
[debug] [2020-10-17T17:44:18.979Z] ----------------------------------------------------------------------
[debug] [2020-10-17T17:44:18.979Z] 
[debug] [2020-10-17T17:44:18.991Z] > command requires scopes: ["email","openid","https://www.googleapis.com/auth/cloudplatformprojects.readonly","https://www.googleapis.com/auth/firebase","https://www.googleapis.com/auth/cloud-platform"]
[debug] [2020-10-17T17:44:18.991Z] > authorizing via signed-in user
[info] 
     ######## #### ########  ######## ########     ###     ######  ########
     ##        ##  ##     ## ##       ##     ##  ##   ##  ##       ##
     ######    ##  ########  ######   ########  #########  ######  ######
     ##        ##  ##    ##  ##       ##     ## ##     ##       ## ##
     ##       #### ##     ## ######## ########  ##     ##  ######  ########

You're about to initialize a Firebase project in this directory:

  /Users/nate/dev/dantupan.com

[info] 
=== Project Setup
[info] 
[info] First, let's associate this project directory with a Firebase project.
[info] You can create multiple project aliases by running firebase use --add, 
[info] but for now we'll just set up a default project.
[info] 
[info] i  If you want to create a project in a Google Cloud organization or folder, please use "firebase projects:create" instead, and return to this command when you've created the project. 
[debug] [2020-10-17T17:44:35.578Z] > refreshing access token with scopes: ["email","https://www.googleapis.com/auth/cloud-platform","https://www.googleapis.com/auth/cloudplatformprojects.readonly","https://www.googleapis.com/auth/firebase","openid"]
[debug] [2020-10-17T17:44:35.579Z] >>> HTTP REQUEST POST https://www.googleapis.com/oauth2/v3/token  
 <request body omitted>
[debug] [2020-10-17T17:44:35.885Z] <<< HTTP RESPONSE 200 {"expires":"Mon, 01 Jan 1990 00:00:00 GMT","pragma":"no-cache","cache-control":"no-cache, no-store, max-age=0, must-revalidate","date":"Sat, 17 Oct 2020 17:44:35 GMT","content-type":"application/json; charset=utf-8","vary":"X-Origin, Referer, Origin,Accept-Encoding","server":"scaffolding on HTTPServer2","x-xss-protection":"0","x-frame-options":"SAMEORIGIN","x-content-type-options":"nosniff","alt-svc":"h3-Q050=\":443\"; ma=2592000,h3-29=\":443\"; ma=2592000,h3-27=\":443\"; ma=2592000,h3-T051=\":443\"; ma=2592000,h3-T050=\":443\"; ma=2592000,h3-Q046=\":443\"; ma=2592000,h3-Q043=\":443\"; ma=2592000,quic=\":443\"; ma=2592000; v=\"46,43\"","accept-ranges":"none","transfer-encoding":"chunked"}
[debug] [2020-10-17T17:44:35.900Z] >>> HTTP REQUEST POST https://cloudresourcemanager.googleapis.com/v1/projects  
 {"projectId":"dantupan","name":"dantupan"}
[debug] [2020-10-17T17:44:37.050Z] <<< HTTP RESPONSE 200 {"content-type":"application/json; charset=UTF-8","vary":"X-Origin, Referer, Origin,Accept-Encoding","date":"Sat, 17 Oct 2020 17:44:36 GMT","server":"ESF","cache-control":"private","x-xss-protection":"0","x-frame-options":"SAMEORIGIN","x-content-type-options":"nosniff","server-timing":"gfet4t7; dur=791","alt-svc":"h3-Q050=\":443\"; ma=2592000,h3-29=\":443\"; ma=2592000,h3-27=\":443\"; ma=2592000,h3-T051=\":443\"; ma=2592000,h3-T050=\":443\"; ma=2592000,h3-Q046=\":443\"; ma=2592000,h3-Q043=\":443\"; ma=2592000,quic=\":443\"; ma=2592000; v=\"46,43\"","accept-ranges":"none","transfer-encoding":"chunked"}
[debug] [2020-10-17T17:44:37.052Z] >>> HTTP REQUEST GET https://cloudresourcemanager.googleapis.com/v1/operations/cp.6846723724461563603  
 
[debug] [2020-10-17T17:44:38.422Z] <<< HTTP RESPONSE 200 {"content-type":"application/json; charset=UTF-8","vary":"X-Origin, Referer, Origin,Accept-Encoding","date":"Sat, 17 Oct 2020 17:44:38 GMT","server":"ESF","cache-control":"private","x-xss-protection":"0","x-frame-options":"SAMEORIGIN","x-content-type-options":"nosniff","server-timing":"gfet4t7; dur=895","alt-svc":"h3-Q050=\":443\"; ma=2592000,h3-29=\":443\"; ma=2592000,h3-27=\":443\"; ma=2592000,h3-T051=\":443\"; ma=2592000,h3-T050=\":443\"; ma=2592000,h3-Q046=\":443\"; ma=2592000,h3-Q043=\":443\"; ma=2592000,quic=\":443\"; ma=2592000; v=\"46,43\"","accept-ranges":"none","transfer-encoding":"chunked"}
[debug] [2020-10-17T17:44:38.424Z] FirebaseError: The project cannot be created because you have exceeded your allotted project quota.
    at OperationPoller.<anonymous> (/Users/nate/n/lib/node_modules/firebase-tools/lib/operation-poller.js:33:23)
    at Generator.next (<anonymous>)
    at fulfilled (/Users/nate/n/lib/node_modules/firebase-tools/lib/operation-poller.js:5:58)
    at process._tickCallback (internal/process/next_tick.js:68:7)
[error] 
[error] Error: Failed to create project. See firebase-debug.log for more info.
